<?xml version="1.0" encoding="UTF-8"?>
<testng-results skipped="0" failed="0" ignored="0" total="3" passed="3">
  <reporter-output>
  </reporter-output>
  <suite name="Default suite" duration-ms="18736" started-at="2018-06-24T13:22:32Z" finished-at="2018-06-24T13:22:50Z">
    <groups>
    </groups>
    <test name="Default test" duration-ms="18736" started-at="2018-06-24T13:22:32Z" finished-at="2018-06-24T13:22:50Z">
      <class name="com.testsuite1.HomePageTest">
        <test-method status="PASS" signature="setup()[pri:0, instance:com.testsuite1.HomePageTest@77caeb3e]" name="setup" is-config="true" duration-ms="3223" started-at="2018-06-24T18:52:28Z" finished-at="2018-06-24T18:52:32Z">
          <reporter-output>
          </reporter-output>
        </test-method> <!-- setup -->
        <test-method status="PASS" signature="beforeTest()[pri:0, instance:com.testsuite1.HomePageTest@77caeb3e]" name="beforeTest" is-config="true" duration-ms="0" started-at="2018-06-24T18:52:32Z" finished-at="2018-06-24T18:52:32Z">
          <reporter-output>
          </reporter-output>
        </test-method> <!-- beforeTest -->
        <test-method status="PASS" signature="beforeMethod()[pri:0, instance:com.testsuite1.HomePageTest@77caeb3e]" name="beforeMethod" is-config="true" duration-ms="0" started-at="2018-06-24T18:52:32Z" finished-at="2018-06-24T18:52:32Z">
          <reporter-output>
          </reporter-output>
        </test-method> <!-- beforeMethod -->
        <test-method status="PASS" signature="alertHandling()[pri:0, instance:com.testsuite1.HomePageTest@77caeb3e]" name="alertHandling" duration-ms="278" started-at="2018-06-24T18:52:32Z" finished-at="2018-06-24T18:52:32Z">
          <reporter-output>
          </reporter-output>
        </test-method> <!-- alertHandling -->
        <test-method status="PASS" signature="afterMethod()[pri:0, instance:com.testsuite1.HomePageTest@77caeb3e]" name="afterMethod" is-config="true" duration-ms="0" started-at="2018-06-24T18:52:32Z" finished-at="2018-06-24T18:52:32Z">
          <reporter-output>
          </reporter-output>
        </test-method> <!-- afterMethod -->
        <test-method status="PASS" signature="alertsHandling()[pri:0, instance:com.testsuite1.HomePageTest@77caeb3e]" name="alertsHandling" duration-ms="536" started-at="2018-06-24T18:52:32Z" finished-at="2018-06-24T18:52:33Z">
          <reporter-output>
          </reporter-output>
        </test-method> <!-- alertsHandling -->
        <test-method status="PASS" signature="beforeMethod()[pri:0, instance:com.testsuite1.HomePageTest@77caeb3e]" name="beforeMethod" is-config="true" duration-ms="0" started-at="2018-06-24T18:52:32Z" finished-at="2018-06-24T18:52:32Z">
          <reporter-output>
          </reporter-output>
        </test-method> <!-- beforeMethod -->
        <test-method status="PASS" signature="afterMethod()[pri:0, instance:com.testsuite1.HomePageTest@77caeb3e]" name="afterMethod" is-config="true" duration-ms="0" started-at="2018-06-24T18:52:33Z" finished-at="2018-06-24T18:52:33Z">
          <reporter-output>
          </reporter-output>
        </test-method> <!-- afterMethod -->
        <test-method status="PASS" signature="basicAjax()[pri:0, instance:com.testsuite1.HomePageTest@77caeb3e]" name="basicAjax" duration-ms="17886" started-at="2018-06-24T18:52:33Z" finished-at="2018-06-24T18:52:50Z">
          <reporter-output>
          </reporter-output>
        </test-method> <!-- basicAjax -->
        <test-method status="PASS" signature="beforeMethod()[pri:0, instance:com.testsuite1.HomePageTest@77caeb3e]" name="beforeMethod" is-config="true" duration-ms="0" started-at="2018-06-24T18:52:33Z" finished-at="2018-06-24T18:52:33Z">
          <reporter-output>
          </reporter-output>
        </test-method> <!-- beforeMethod -->
        <test-method status="PASS" signature="afterMethod()[pri:0, instance:com.testsuite1.HomePageTest@77caeb3e]" name="afterMethod" is-config="true" duration-ms="1" started-at="2018-06-24T18:52:50Z" finished-at="2018-06-24T18:52:50Z">
          <reporter-output>
          </reporter-output>
        </test-method> <!-- afterMethod -->
        <test-method status="PASS" signature="afterTest()[pri:0, instance:com.testsuite1.HomePageTest@77caeb3e]" name="afterTest" is-config="true" duration-ms="1" started-at="2018-06-24T18:52:50Z" finished-at="2018-06-24T18:52:50Z">
          <reporter-output>
          </reporter-output>
        </test-method> <!-- afterTest -->
        <test-method status="PASS" signature="tearDown()[pri:0, instance:com.testsuite1.HomePageTest@77caeb3e]" name="tearDown" is-config="true" duration-ms="1" started-at="2018-06-24T18:52:50Z" finished-at="2018-06-24T18:52:50Z">
          <reporter-output>
          </reporter-output>
        </test-method> <!-- tearDown -->
      </class> <!-- com.testsuite1.HomePageTest -->
    </test> <!-- Default test -->
  </suite> <!-- Default suite -->
</testng-results>
